[debug] [2024-10-06T08:01:52.117Z] ----------------------------------------------------------------------
[debug] [2024-10-06T08:01:52.123Z] Command:       C:\Program Files\nodejs\node.exe C:\Users\USER\AppData\Roaming\npm\node_modules\firebase-tools\lib\bin\firebase.js deploy
[debug] [2024-10-06T08:01:52.124Z] CLI Version:   13.20.2
[debug] [2024-10-06T08:01:52.124Z] Platform:      win32
[debug] [2024-10-06T08:01:52.124Z] Node Version:  v20.17.0
[debug] [2024-10-06T08:01:52.125Z] Time:          Sun Oct 06 2024 13:31:52 GMT+0530 (India Standard Time)
[debug] [2024-10-06T08:01:52.125Z] ----------------------------------------------------------------------
[debug] 
[debug] [2024-10-06T08:01:52.296Z] > command requires scopes: ["email","openid","https://www.googleapis.com/auth/cloudplatformprojects.readonly","https://www.googleapis.com/auth/firebase","https://www.googleapis.com/auth/cloud-platform"]
[debug] [2024-10-06T08:01:52.297Z] > authorizing via signed-in user (seyedahamedifthikar40@gmail.com)
[debug] [2024-10-06T08:01:52.298Z] [iam] checking project skinsaviour-store for permissions ["firebase.projects.get","firebasehosting.sites.update"]
[debug] [2024-10-06T08:01:52.302Z] Checked if tokens are valid: true, expires at: 1728204147600
[debug] [2024-10-06T08:01:52.302Z] Checked if tokens are valid: true, expires at: 1728204147600
[debug] [2024-10-06T08:01:52.304Z] >>> [apiv2][query] POST https://cloudresourcemanager.googleapis.com/v1/projects/skinsaviour-store:testIamPermissions [none]
[debug] [2024-10-06T08:01:52.305Z] >>> [apiv2][(partial)header] POST https://cloudresourcemanager.googleapis.com/v1/projects/skinsaviour-store:testIamPermissions x-goog-quota-user=projects/skinsaviour-store
[debug] [2024-10-06T08:01:52.305Z] >>> [apiv2][body] POST https://cloudresourcemanager.googleapis.com/v1/projects/skinsaviour-store:testIamPermissions {"permissions":["firebase.projects.get","firebasehosting.sites.update"]}
[debug] [2024-10-06T08:01:55.300Z] <<< [apiv2][status] POST https://cloudresourcemanager.googleapis.com/v1/projects/skinsaviour-store:testIamPermissions 200
[debug] [2024-10-06T08:01:55.300Z] <<< [apiv2][body] POST https://cloudresourcemanager.googleapis.com/v1/projects/skinsaviour-store:testIamPermissions {"permissions":["firebase.projects.get","firebasehosting.sites.update"]}
[debug] [2024-10-06T08:01:55.302Z] Checked if tokens are valid: true, expires at: 1728204147600
[debug] [2024-10-06T08:01:55.302Z] Checked if tokens are valid: true, expires at: 1728204147600
[debug] [2024-10-06T08:01:55.303Z] >>> [apiv2][query] GET https://firebase.googleapis.com/v1beta1/projects/skinsaviour-store [none]
[debug] [2024-10-06T08:01:57.291Z] <<< [apiv2][status] GET https://firebase.googleapis.com/v1beta1/projects/skinsaviour-store 200
[debug] [2024-10-06T08:01:57.291Z] <<< [apiv2][body] GET https://firebase.googleapis.com/v1beta1/projects/skinsaviour-store {"projectId":"skinsaviour-store","projectNumber":"538598714249","displayName":"Skinsaviour","name":"projects/skinsaviour-store","resources":{"hostingSite":"skinsaviour-store"},"state":"ACTIVE","etag":"1_af160adb-47ce-40e5-8739-ef2d203b32ec"}
[debug] [2024-10-06T08:01:57.294Z] Specified "public" directory "/build" does not exist; Deploy to Hosting site "skinsaviour-store" may fail or be empty.
[info] 
[info] === Deploying to 'skinsaviour-store'...
[info] 
[info] i  deploying hosting 
[debug] [2024-10-06T08:01:57.304Z] Checked if tokens are valid: true, expires at: 1728204147600
[debug] [2024-10-06T08:01:57.305Z] Checked if tokens are valid: true, expires at: 1728204147600
[debug] [2024-10-06T08:01:57.305Z] >>> [apiv2][query] POST https://firebasehosting.googleapis.com/v1beta1/projects/-/sites/skinsaviour-store/versions [none]
[debug] [2024-10-06T08:01:57.305Z] >>> [apiv2][body] POST https://firebasehosting.googleapis.com/v1beta1/projects/-/sites/skinsaviour-store/versions {"status":"CREATED","labels":{"deployment-tool":"cli-firebase"}}
[debug] [2024-10-06T08:02:06.910Z] <<< [apiv2][status] POST https://firebasehosting.googleapis.com/v1beta1/projects/-/sites/skinsaviour-store/versions 200
[debug] [2024-10-06T08:02:06.910Z] <<< [apiv2][body] POST https://firebasehosting.googleapis.com/v1beta1/projects/-/sites/skinsaviour-store/versions {"name":"projects/538598714249/sites/skinsaviour-store/versions/3360eb69f821e090","status":"CREATED","config":{},"labels":{"deployment-tool":"cli-firebase"}}
[info] i  hosting[skinsaviour-store]: beginning deploy... 
[info] i  hosting[skinsaviour-store]: found 43 files in /build 
[debug] [2024-10-06T08:02:07.016Z] [hosting] uploading with 200 concurrency
[debug] [2024-10-06T08:02:07.728Z] Checked if tokens are valid: true, expires at: 1728204147600
[debug] [2024-10-06T08:02:07.728Z] Checked if tokens are valid: true, expires at: 1728204147600
[debug] [2024-10-06T08:02:07.731Z] [hosting] unable to store hash cache [YnVpbGQ]: Error: EPERM: operation not permitted, open 'C:\Users\USER\OneDrive\Desktop\Project-1\ecommerce\.firebase\hosting.YnVpbGQ.cache'
    at Object.writeFileSync (node:fs:2368:20)
    at Object.outputFileSync (C:\Users\USER\AppData\Roaming\npm\node_modules\firebase-tools\node_modules\fs-extra\lib\output-file\index.js:31:15)
    at dump (C:\Users\USER\AppData\Roaming\npm\node_modules\firebase-tools\lib\deploy\hosting\hashcache.js:41:12)
    at C:\Users\USER\AppData\Roaming\npm\node_modules\firebase-tools\lib\deploy\hosting\uploader.js:81:34
    at process.processTicksAndRejections (node:internal/process/task_queues:95:5)
[debug] [2024-10-06T08:02:07.731Z] [hosting][hash queue][FINAL] {"max":690,"min":1,"avg":48.116279069767444,"active":0,"complete":43,"success":43,"errored":0,"retried":0,"total":43,"elapsed":709}
[debug] [2024-10-06T08:02:07.731Z] >>> [apiv2][query] POST https://firebasehosting.googleapis.com/v1beta1/projects/538598714249/sites/skinsaviour-store/versions/3360eb69f821e090:populateFiles [none]
[debug] [2024-10-06T08:02:07.732Z] >>> [apiv2][body] POST https://firebasehosting.googleapis.com/v1beta1/projects/538598714249/sites/skinsaviour-store/versions/3360eb69f821e090:populateFiles {"files":{"/robots.txt":"bfe106a3fb878dc83461c86818bf74fc1bdc7f28538ba613cd3e775516ce8b49","/manifest.json":"584e19d7b188cf225b830b791bb3952f47d1a217a7fea36d1b818bdef77fbaae","/logo512.png":"212b102aa09e51b3b3e06647e81f7801a61333e171f6582e8124379aabccb41d","/logo192.png":"79e2b749561016bc8af300ea19f48347ceed3cb1a54f48ae456172eca45e08f0","/logo-top.png":"a7686284eb07c03a954971d8ca07b0e8a74443492d68ceb097d6bef8519bd93b","/favicon.ico":"27edce7be5922cf0bef7d4136f69b5bfbdd5bf8c13c7b026f71187d41a00aa7d","/assets/images/Wax powder.jpg":"af0967dcbac33df3063a6970f795337acadd072b7ca0330c0a9f5441c02593d2","/assets/images/SunScreen lotion.jpg":"611f779475b1f2b16329996d79372810341d63215e1ae042bca406a5105c3226","/assets/images/Strawberry Shampoo.jpeg":"97699e0cc61fecbfec1f838f619a494bc05d3c9dd4a4209ce361389407ce3008","/assets/images/skinSaviour.jpg":"c5d0ab43c0e7a0ed9c132708fbb700674490885ad868d6b2e507d27bb8ef98b1","/assets/images/Skin brightening cream.jpg":"6e2fb57c2b3afeefebb47be955a44cfae5fd11635a3e733f270eccc6cbb2479f","/assets/images/Shea butter strawberry lip balm.jpg":"eb329bd4ff67eb7fd9707d827d0535347a54226c526bba2079916a70679ccb35","/assets/images/Serum.jpg":"877ae7a0b4a34bf1a9ad9793cc73805f403599cd3072e9cd0f1bdc05f4acedea","/assets/images/Saffron Gel.jpg":"519dc1ddace8638c94df2c901e0abfb3b6ec840b4dbf739acb25fb02c1156d59","/assets/images/Red wine gel.jpg":"4fed64637103e173a55febf114bbb839a721c06a0919b7901236dc9d8039c2aa","/assets/images/Pure coconut oil soap.jpg":"e6ddf825b244a721fb477ef66e8fb0b1733201188da753966ef4dace94dc8f83","/assets/images/Oats and honey soap.jpg":"d78b34ce170a179fe14607115a57159f8855d7ecf077572bc0a0f0bb0c5a368b","/assets/images/LogoNav.jpg":"a7686284eb07c03a954971d8ca07b0e8a74443492d68ceb097d6bef8519bd93b","/assets/images/LogoHead.jpg":"70cd18eebc7e94c166e57dbae7aecd8d6277568ffbfce34dae7d0435a52eeb7c","/assets/images/Lip tint.jpg":"3ba3faf391d21e83adc970c9de7a3afb75b401d8eb99248fda11f196eccc89a6","/assets/images/Kajal.jpg":"5ed47bd3d5f190edf9461375c114b872ec020b5d72f0fc7313ae53d3f5dafabf","/assets/images/Homemade Soap.jpg":"7723a30e33665adcedecaff18f98584267a7041690082cd267744f3610862afb","/assets/images/Homemade Shampoo.jpg":"3ebe9bec3c90b043fb14d485363e3687fc649d747b4542d098a680cbaf8755a4","/assets/images/Homemade Lip Scrub.jpg":"da9417dde1d22d9ae89a48a761f85772f4ffa93bec8536a2bd3a024c3ccd5611","/assets/images/Homemade Gel.jpg":"3974d7254c006b2bd89585abb79be1b69295b3a06bc91e5fbe8e3143a472b4a6","/assets/images/Hair oil.jpg":"ecea0a339009f3832c4bf3441f5b0b8c8b3621266c1b92368c38bddf505b5c43","/assets/images/Grape Fruit Shampoo.jpeg":"053d0a26fea397d57f180dbd35b35cbab5c76bb3b65deb3fc8a9661cf60ec849","/assets/images/Day cream.jpg":"fd846bbe9bf5b08279ef590acf5507b4760d614feced897a616344f990bc0598","/assets/images/Chocolate Lip Scrub.jpg":"a954d7834dd7166f96234597af60b996afb293086aad69f3a9649cb2ee0fab2f","/assets/images/Charcoal soap.jpg":"1692ad8c09ab20dc096441359be959e3861058a317acf12f6577200a01e3833e","/assets/images/Body wash.jpg":"6f4cd5f129906084d48b8ac528b2e967bd05dfdf6dc3b13ffa3e2ee700780784","/assets/images/Basil lemon soap.jpg":"64fd90df607af9baf04fc994ce511822f21988f0495ae698e8bf03553bc1062f","/assets/images/Anti Acne Gel.jpg":"7ad68c8a5a79ba69165e714dfd225496ca7f642a675e7f311c009d4c9d5f1257","/assets/images/Aloevera Gel.jpg":"cc580288cc7c0e9865675dfe3b3d1071832f7d3ae1234f18ded7a73160b82a97","/index.html":"3ff102499615a12cfd41f4a51b5949760ae60dc7bdc1fa0c664f98b1c425f652","/asset-manifest.json":"5b93874852f599139d4e193c07297d334940226c776752be575cf1ca286f9d76","/static/js/main.5190659d.js.LICENSE.txt":"f5fb167c2c5857e7a0d101e73d3f7705356f9e49d1d3d99e726ce691de08c9b5","/static/css/main.b5baa47f.css":"5c921e7cc18444ebcbf37e194dcf626b3cb99d918c0a5883146ebeef015f4336","/assets/images/Vanilla Lip Scrub.jpg":"a31b3d52612b328c3878607e534844b0efb4c8d57aa501e0ce108e8b7be0803f","/static/js/main.5190659d.js":"0f8e32f5ffe540ab99f2d29145115e16ec2c02cb2129b6c770b877b716968f45","/static/css/main.b5baa47f.css.map":"1a1e20fcfcdbc7576fa2e8b6887b08b8dc7aac2c93e639eeda6e80ec16bd10c5","/assets/images/vanilla lip balm.jpg":"e5997b767e5a1253e2118e23f671f6091e3c37dbc908b76ec110faf41f2d3842","/static/js/main.5190659d.js.map":"86cd99b2b744ee880adb415153d02a6db2a80032945afeb1d34781ecb1a5078d"}}
[debug] [2024-10-06T08:02:09.842Z] <<< [apiv2][status] POST https://firebasehosting.googleapis.com/v1beta1/projects/538598714249/sites/skinsaviour-store/versions/3360eb69f821e090:populateFiles 200
[debug] [2024-10-06T08:02:09.843Z] <<< [apiv2][body] POST https://firebasehosting.googleapis.com/v1beta1/projects/538598714249/sites/skinsaviour-store/versions/3360eb69f821e090:populateFiles {"uploadRequiredHashes":["86cd99b2b744ee880adb415153d02a6db2a80032945afeb1d34781ecb1a5078d"],"uploadUrl":"https://upload-firebasehosting.googleapis.com/upload/sites/skinsaviour-store/versions/3360eb69f821e090/files"}
[debug] [2024-10-06T08:02:09.845Z] Checked if tokens are valid: true, expires at: 1728204147600
[debug] [2024-10-06T08:02:09.845Z] Checked if tokens are valid: true, expires at: 1728204147600
[debug] [2024-10-06T08:02:09.846Z] >>> [apiv2][query] POST https://upload-firebasehosting.googleapis.com/upload/sites/skinsaviour-store/versions/3360eb69f821e090/files/86cd99b2b744ee880adb415153d02a6db2a80032945afeb1d34781ecb1a5078d [none]
[debug] [2024-10-06T08:02:09.846Z] >>> [apiv2][body] POST https://upload-firebasehosting.googleapis.com/upload/sites/skinsaviour-store/versions/3360eb69f821e090/files/86cd99b2b744ee880adb415153d02a6db2a80032945afeb1d34781ecb1a5078d [stream]
[debug] [2024-10-06T08:02:09.850Z] [hosting][populate queue][FINAL] {"max":2117,"min":2117,"avg":2117,"active":0,"complete":1,"success":1,"errored":0,"retried":0,"total":1,"elapsed":2122}
[debug] [2024-10-06T08:02:09.850Z] [hosting] uploads queued: 1
[debug] [2024-10-06T08:03:07.330Z] [uploadQueue] Retrying task 86cd99b2b744ee880adb415153d02a6db2a80032945afeb1d34781ecb1a5078d
[debug] [2024-10-06T08:03:07.332Z] Checked if tokens are valid: true, expires at: 1728204147600
[debug] [2024-10-06T08:03:07.332Z] Checked if tokens are valid: true, expires at: 1728204147600
[debug] [2024-10-06T08:03:07.333Z] >>> [apiv2][query] POST https://upload-firebasehosting.googleapis.com/upload/sites/skinsaviour-store/versions/3360eb69f821e090/files/86cd99b2b744ee880adb415153d02a6db2a80032945afeb1d34781ecb1a5078d [none]
[debug] [2024-10-06T08:03:07.333Z] >>> [apiv2][body] POST https://upload-firebasehosting.googleapis.com/upload/sites/skinsaviour-store/versions/3360eb69f821e090/files/86cd99b2b744ee880adb415153d02a6db2a80032945afeb1d34781ecb1a5078d [stream]
